<?xml version="1.0" encoding="UTF-8"?>
<!-- Generated by org.testng.reporters.JUnitReportReporter -->
<testsuite hostname="ebpadmin-ideacentre-A340-24IWL" failures="0" tests="1" name="com.niraj.eb.testcases.LoginTest" time="8.497" errors="0" timestamp="2025-04-11T16:00:43 NPT" skipped="0">
  <testcase classname="com.niraj.eb.testcases.LoginTest" name="testone" time="8.497"/>
</testsuite> <!-- com.niraj.eb.testcases.LoginTest -->
